Arguments: 
  C:\Program Files\nodejs\node.exe C:\Users\abi10\AppData\Roaming\npm\node_modules\yarn\bin\yarn.js add bulma

PATH: 
  C:\Program Files\Common Files\Oracle\Java\javapath;C:\Windows\system32;C:\Windows;C:\Windows\System32\Wbem;C:\Windows\System32\WindowsPowerShell\v1.0\;C:\Windows\System32\OpenSSH\;C:\Program Files (x86)\NVIDIA Corporation\PhysX\Common;C:\Program Files\dotnet\;C:\WINDOWS\system32;C:\WINDOWS;C:\WINDOWS\System32\Wbem;C:\WINDOWS\System32\WindowsPowerShell\v1.0\;C:\WINDOWS\System32\OpenSSH\;C:\php\php-8.2.9-Win32-vs16-x64;C:\Program Files\MySQL\MySQL Server 8.0\bin;C:\ProgramData\ComposerSetup\bin;C:\Program Files\nodejs\;C:\Program Files\Git\cmd;C:\Program Files\Docker\Docker\resources\bin;C:\Program Files\MySQL\MySQL Shell 8.0\bin\;C:\Users\abi10\AppData\Local\Microsoft\WindowsApps;C:\Users\abi10\AppData\Local\Programs\Microsoft VS Code\bin;C:\Users\abi10\AppData\Roaming\Composer\vendor\bin;C:\Users\abi10\AppData\Roaming\npm;C:\Program Files\heroku\bin;C:\Program Files\PostgreSQL\16rc1\bin;

Yarn version: 
  1.22.19

Node version: 
  18.17.1

Platform: 
  win32 x64

Trace: 
  Error: EPERM: operation not permitted, unlink 'C:\src\egg-house\node_modules\@parcel\hash\parcel-hash.win32-x64-msvc.node'

npm manifest: 
  {
    "name": "egg-house",
    "version": "1.0.0",
    "private": true,
    "description": "egg-house",
    "keywords": [
      "gatsby"
    ],
    "scripts": {
      "develop": "gatsby develop",
      "start": "gatsby develop",
      "build": "gatsby build",
      "serve": "gatsby serve",
      "clean": "gatsby clean",
      "typecheck": "tsc --noEmit"
    },
    "dependencies": {
      "gatsby": "^5.12.4",
      "gatsby-plugin-image": "^3.12.0",
      "gatsby-plugin-sharp": "^5.12.0",
      "gatsby-source-filesystem": "^5.12.0",
      "gatsby-transformer-sharp": "^5.12.0",
      "react": "^18.2.0",
      "react-dom": "^18.2.0"
    },
    "devDependencies": {
      "@types/node": "^20.3.3",
      "@types/react": "^18.2.14",
      "@types/react-dom": "^18.2.6",
      "typescript": "^5.1.6"
    }
  }

yarn manifest: 
  No manifest

Lockfile: 
  No lockfile
